[18:08:15:974] [DEBUG] - ctrl.AccountController.greeting(AccountController.java:29) - Let's celcebrate12345678--debug
[18:08:15:976] [INFO] - ctrl.AccountController.greeting(AccountController.java:30) - Let's celcebrate12345678--info
[18:08:15:981] [WARN] - ctrl.AccountController.greeting(AccountController.java:31) - Let's celcebrate12345678--warn
[18:08:16:013] [ERROR] - ctrl.AccountController.greeting(AccountController.java:32) - Let's celcebrate12345678--error
[18:08:23:827] [DEBUG] - ctrl.AccountController.greeting(AccountController.java:29) - Let's celcebrate12345678--debug
[18:08:23:827] [INFO] - ctrl.AccountController.greeting(AccountController.java:30) - Let's celcebrate12345678--info
[18:08:23:828] [WARN] - ctrl.AccountController.greeting(AccountController.java:31) - Let's celcebrate12345678--warn
[18:08:23:829] [ERROR] - ctrl.AccountController.greeting(AccountController.java:32) - Let's celcebrate12345678--error
[18:08:24:017] [DEBUG] - ctrl.AccountController.greeting(AccountController.java:29) - Let's celcebrate12345678--debug
[18:08:24:017] [INFO] - ctrl.AccountController.greeting(AccountController.java:30) - Let's celcebrate12345678--info
[18:08:24:018] [WARN] - ctrl.AccountController.greeting(AccountController.java:31) - Let's celcebrate12345678--warn
[18:08:24:019] [ERROR] - ctrl.AccountController.greeting(AccountController.java:32) - Let's celcebrate12345678--error
[18:08:24:218] [DEBUG] - ctrl.AccountController.greeting(AccountController.java:29) - Let's celcebrate12345678--debug
[18:08:24:218] [INFO] - ctrl.AccountController.greeting(AccountController.java:30) - Let's celcebrate12345678--info
[18:08:24:218] [WARN] - ctrl.AccountController.greeting(AccountController.java:31) - Let's celcebrate12345678--warn
[18:08:24:246] [ERROR] - ctrl.AccountController.greeting(AccountController.java:32) - Let's celcebrate12345678--error
[18:08:24:393] [DEBUG] - ctrl.AccountController.greeting(AccountController.java:29) - Let's celcebrate12345678--debug
[18:08:24:394] [INFO] - ctrl.AccountController.greeting(AccountController.java:30) - Let's celcebrate12345678--info
[18:08:24:394] [WARN] - ctrl.AccountController.greeting(AccountController.java:31) - Let's celcebrate12345678--warn
[18:08:24:394] [ERROR] - ctrl.AccountController.greeting(AccountController.java:32) - Let's celcebrate12345678--error
[18:08:24:561] [DEBUG] - ctrl.AccountController.greeting(AccountController.java:29) - Let's celcebrate12345678--debug
[18:08:24:561] [INFO] - ctrl.AccountController.greeting(AccountController.java:30) - Let's celcebrate12345678--info
[18:08:24:561] [WARN] - ctrl.AccountController.greeting(AccountController.java:31) - Let's celcebrate12345678--warn
[18:08:24:561] [ERROR] - ctrl.AccountController.greeting(AccountController.java:32) - Let's celcebrate12345678--error
[18:08:46:944] [DEBUG] - ctrl.AccountController.greeting(AccountController.java:29) - Let's celcebrate12345678--debug
[18:08:46:944] [INFO] - ctrl.AccountController.greeting(AccountController.java:30) - Let's celcebrate12345678--info
[18:08:46:944] [WARN] - ctrl.AccountController.greeting(AccountController.java:31) - Let's celcebrate12345678--warn
[18:08:46:945] [ERROR] - ctrl.AccountController.greeting(AccountController.java:32) - Let's celcebrate12345678--error
[18:08:49:282] [DEBUG] - ctrl.AccountController.greeting(AccountController.java:29) - Let's celcebrate12345678--debug
[18:08:49:282] [INFO] - ctrl.AccountController.greeting(AccountController.java:30) - Let's celcebrate12345678--info
[18:08:49:282] [WARN] - ctrl.AccountController.greeting(AccountController.java:31) - Let's celcebrate12345678--warn
[18:08:49:282] [ERROR] - ctrl.AccountController.greeting(AccountController.java:32) - Let's celcebrate12345678--error
[18:09:01:801] [INFO] - org.springframework.boot.StartupInfoLogger.logStarting(StartupInfoLogger.java:48) - Starting Application on DESKTOP-KNFU3RB with PID 11364 (D:\p-wang\2017\workspace\eclipse\ProjectX1-DataCenter\target\classes started by bretwang in D:\p-wang\2017\workspace\eclipse\ProjectX1-DataCenter)
[18:09:01:801] [DEBUG] - org.springframework.boot.StartupInfoLogger.logStarting(StartupInfoLogger.java:51) - Running with Spring Boot v1.5.8.RELEASE, Spring v4.3.12.RELEASE
[18:09:01:802] [INFO] - org.springframework.boot.SpringApplication.logStartupProfileInfo(SpringApplication.java:593) - No active profile set, falling back to default profiles: default
[18:09:02:182] [INFO] - org.springframework.boot.StartupInfoLogger.logStarted(StartupInfoLogger.java:57) - Started Application in 0.433 seconds (JVM running for 294.524)
[18:09:08:776] [INFO] - org.springframework.boot.StartupInfoLogger.logStarting(StartupInfoLogger.java:48) - Starting Application on DESKTOP-KNFU3RB with PID 11364 (D:\p-wang\2017\workspace\eclipse\ProjectX1-DataCenter\target\classes started by bretwang in D:\p-wang\2017\workspace\eclipse\ProjectX1-DataCenter)
[18:09:08:776] [DEBUG] - org.springframework.boot.StartupInfoLogger.logStarting(StartupInfoLogger.java:51) - Running with Spring Boot v1.5.8.RELEASE, Spring v4.3.12.RELEASE
[18:09:08:776] [INFO] - org.springframework.boot.SpringApplication.logStartupProfileInfo(SpringApplication.java:593) - No active profile set, falling back to default profiles: default
[18:09:09:143] [INFO] - org.springframework.boot.StartupInfoLogger.logStarted(StartupInfoLogger.java:57) - Started Application in 0.44 seconds (JVM running for 301.485)
[18:09:12:362] [DEBUG] - ctrl.AccountController.greeting(AccountController.java:29) - Let's celcebrate12345678--debug
[18:09:12:363] [INFO] - ctrl.AccountController.greeting(AccountController.java:30) - Let's celcebrate12345678--info
[18:09:12:363] [WARN] - ctrl.AccountController.greeting(AccountController.java:31) - Let's celcebrate12345678--warn
[18:09:12:363] [ERROR] - ctrl.AccountController.greeting(AccountController.java:32) - Let's celcebrate12345678--error
[18:09:13:153] [DEBUG] - ctrl.AccountController.greeting(AccountController.java:29) - Let's celcebrate12345678--debug
[18:09:13:153] [INFO] - ctrl.AccountController.greeting(AccountController.java:30) - Let's celcebrate12345678--info
[18:09:13:154] [WARN] - ctrl.AccountController.greeting(AccountController.java:31) - Let's celcebrate12345678--warn
[18:09:13:154] [ERROR] - ctrl.AccountController.greeting(AccountController.java:32) - Let's celcebrate12345678--error
