[13:09:49:608] [INFO] - org.springframework.boot.StartupInfoLogger.logStarting(StartupInfoLogger.java:48) - Starting Application on DESKTOP-KNFU3RB with PID 4524 (D:\p-wang\2017\workspace\eclipse\ProjectX1-DataCenter\target\classes started by bretwang in D:\p-wang\2017\workspace\eclipse\ProjectX1-DataCenter)
[13:09:49:621] [INFO] - org.springframework.boot.SpringApplication.logStartupProfileInfo(SpringApplication.java:593) - No active profile set, falling back to default profiles: default
[13:09:51:445] [INFO] - org.springframework.boot.StartupInfoLogger.logStarted(StartupInfoLogger.java:57) - Started Application in 2.014 seconds (JVM running for 2.599)
[13:10:26:099] [INFO] - org.springframework.boot.StartupInfoLogger.logStarting(StartupInfoLogger.java:48) - Starting Application on DESKTOP-KNFU3RB with PID 4524 (D:\p-wang\2017\workspace\eclipse\ProjectX1-DataCenter\target\classes started by bretwang in D:\p-wang\2017\workspace\eclipse\ProjectX1-DataCenter)
[13:10:26:100] [INFO] - org.springframework.boot.SpringApplication.logStartupProfileInfo(SpringApplication.java:593) - No active profile set, falling back to default profiles: default
[13:10:26:484] [INFO] - org.springframework.boot.StartupInfoLogger.logStarted(StartupInfoLogger.java:57) - Started Application in 0.424 seconds (JVM running for 37.638)
[13:10:45:172] [INFO] - org.springframework.boot.StartupInfoLogger.logStarting(StartupInfoLogger.java:48) - Starting Application on DESKTOP-KNFU3RB with PID 4524 (D:\p-wang\2017\workspace\eclipse\ProjectX1-DataCenter\target\classes started by bretwang in D:\p-wang\2017\workspace\eclipse\ProjectX1-DataCenter)
[13:10:45:173] [INFO] - org.springframework.boot.SpringApplication.logStartupProfileInfo(SpringApplication.java:593) - No active profile set, falling back to default profiles: default
[13:10:45:554] [INFO] - org.springframework.boot.StartupInfoLogger.logStarted(StartupInfoLogger.java:57) - Started Application in 0.42 seconds (JVM running for 56.707)
[13:10:52:144] [INFO] - base_db.DBAccessor.getConnection(DBAccessor.java:57) - getConnection
[13:10:52:240] [INFO] - base_db.DBAccessor.release(DBAccessor.java:73) - release
[13:10:52:240] [INFO] - base_db.DBAccessor.release(DBAccessor.java:96) - conn.close()
[13:11:12:243] [INFO] - org.springframework.boot.StartupInfoLogger.logStarting(StartupInfoLogger.java:48) - Starting Application on DESKTOP-KNFU3RB with PID 4524 (D:\p-wang\2017\workspace\eclipse\ProjectX1-DataCenter\target\classes started by bretwang in D:\p-wang\2017\workspace\eclipse\ProjectX1-DataCenter)
[13:11:12:244] [INFO] - org.springframework.boot.SpringApplication.logStartupProfileInfo(SpringApplication.java:593) - No active profile set, falling back to default profiles: default
[13:11:12:569] [INFO] - org.springframework.boot.StartupInfoLogger.logStarted(StartupInfoLogger.java:57) - Started Application in 0.357 seconds (JVM running for 83.722)
[13:11:30:216] [INFO] - org.springframework.boot.StartupInfoLogger.logStarting(StartupInfoLogger.java:48) - Starting Application on DESKTOP-KNFU3RB with PID 4524 (D:\p-wang\2017\workspace\eclipse\ProjectX1-DataCenter\target\classes started by bretwang in D:\p-wang\2017\workspace\eclipse\ProjectX1-DataCenter)
[13:11:30:217] [INFO] - org.springframework.boot.SpringApplication.logStartupProfileInfo(SpringApplication.java:593) - No active profile set, falling back to default profiles: default
[13:11:30:514] [INFO] - org.springframework.boot.StartupInfoLogger.logStarted(StartupInfoLogger.java:57) - Started Application in 0.328 seconds (JVM running for 101.668)
[13:12:07:210] [INFO] - org.springframework.boot.StartupInfoLogger.logStarting(StartupInfoLogger.java:48) - Starting Application on DESKTOP-KNFU3RB with PID 4524 (D:\p-wang\2017\workspace\eclipse\ProjectX1-DataCenter\target\classes started by bretwang in D:\p-wang\2017\workspace\eclipse\ProjectX1-DataCenter)
[13:12:07:211] [INFO] - org.springframework.boot.SpringApplication.logStartupProfileInfo(SpringApplication.java:593) - No active profile set, falling back to default profiles: default
[13:12:07:519] [INFO] - org.springframework.boot.StartupInfoLogger.logStarted(StartupInfoLogger.java:57) - Started Application in 0.337 seconds (JVM running for 138.672)
[13:12:36:192] [INFO] - org.springframework.boot.StartupInfoLogger.logStarting(StartupInfoLogger.java:48) - Starting Application on DESKTOP-KNFU3RB with PID 4524 (D:\p-wang\2017\workspace\eclipse\ProjectX1-DataCenter\target\classes started by bretwang in D:\p-wang\2017\workspace\eclipse\ProjectX1-DataCenter)
[13:12:36:193] [INFO] - org.springframework.boot.SpringApplication.logStartupProfileInfo(SpringApplication.java:593) - No active profile set, falling back to default profiles: default
[13:12:36:466] [INFO] - org.springframework.boot.StartupInfoLogger.logStarted(StartupInfoLogger.java:57) - Started Application in 0.304 seconds (JVM running for 167.619)
[13:14:12:522] [INFO] - org.springframework.boot.StartupInfoLogger.logStarting(StartupInfoLogger.java:48) - Starting Application on DESKTOP-KNFU3RB with PID 4524 (D:\p-wang\2017\workspace\eclipse\ProjectX1-DataCenter\target\classes started by bretwang in D:\p-wang\2017\workspace\eclipse\ProjectX1-DataCenter)
[13:14:12:523] [INFO] - org.springframework.boot.SpringApplication.logStartupProfileInfo(SpringApplication.java:593) - No active profile set, falling back to default profiles: default
[13:14:12:826] [INFO] - org.springframework.boot.StartupInfoLogger.logStarted(StartupInfoLogger.java:57) - Started Application in 0.333 seconds (JVM running for 263.979)
[13:15:25:705] [INFO] - org.springframework.boot.StartupInfoLogger.logStarting(StartupInfoLogger.java:48) - Starting Application on DESKTOP-KNFU3RB with PID 4524 (D:\p-wang\2017\workspace\eclipse\ProjectX1-DataCenter\target\classes started by bretwang in D:\p-wang\2017\workspace\eclipse\ProjectX1-DataCenter)
[13:15:25:705] [INFO] - org.springframework.boot.SpringApplication.logStartupProfileInfo(SpringApplication.java:593) - No active profile set, falling back to default profiles: default
[13:15:25:907] [ERROR] - org.springframework.boot.SpringApplication.reportFailure(SpringApplication.java:771) - Application startup failed
org.springframework.beans.factory.BeanCreationException: Error creating bean with name 'accountService' defined in file [D:\p-wang\2017\workspace\eclipse\ProjectX1-DataCenter\target\classes\service\AccountService.class]: Instantiation of bean failed; nested exception is org.springframework.beans.BeanInstantiationException: Failed to instantiate [service.AccountService]: Constructor threw exception; nested exception is java.lang.Error: Unresolved compilation problems: 
	AccountCtrl cannot be resolved to a type
	ServiceBase<AccountCtrl> cannot be resolved to a type

	at org.springframework.beans.factory.support.AbstractAutowireCapableBeanFactory.instantiateBean(AbstractAutowireCapableBeanFactory.java:1155) ~[spring-beans-4.3.12.RELEASE.jar:4.3.12.RELEASE]
	at org.springframework.beans.factory.support.AbstractAutowireCapableBeanFactory.createBeanInstance(AbstractAutowireCapableBeanFactory.java:1099) ~[spring-beans-4.3.12.RELEASE.jar:4.3.12.RELEASE]
	at org.springframework.beans.factory.support.AbstractAutowireCapableBeanFactory.doCreateBean(AbstractAutowireCapableBeanFactory.java:513) ~[spring-beans-4.3.12.RELEASE.jar:4.3.12.RELEASE]
	at org.springframework.beans.factory.support.AbstractAutowireCapableBeanFactory.createBean(AbstractAutowireCapableBeanFactory.java:483) ~[spring-beans-4.3.12.RELEASE.jar:4.3.12.RELEASE]
	at org.springframework.beans.factory.support.AbstractBeanFactory$1.getObject(AbstractBeanFactory.java:306) ~[spring-beans-4.3.12.RELEASE.jar:4.3.12.RELEASE]
	at org.springframework.beans.factory.support.DefaultSingletonBeanRegistry.getSingleton(DefaultSingletonBeanRegistry.java:230) ~[spring-beans-4.3.12.RELEASE.jar:4.3.12.RELEASE]
	at org.springframework.beans.factory.support.AbstractBeanFactory.doGetBean(AbstractBeanFactory.java:302) ~[spring-beans-4.3.12.RELEASE.jar:4.3.12.RELEASE]
	at org.springframework.beans.factory.support.AbstractBeanFactory.getBean(AbstractBeanFactory.java:197) ~[spring-beans-4.3.12.RELEASE.jar:4.3.12.RELEASE]
	at org.springframework.beans.factory.support.DefaultListableBeanFactory.preInstantiateSingletons(DefaultListableBeanFactory.java:761) ~[spring-beans-4.3.12.RELEASE.jar:4.3.12.RELEASE]
	at org.springframework.context.support.AbstractApplicationContext.finishBeanFactoryInitialization(AbstractApplicationContext.java:867) ~[spring-context-4.3.12.RELEASE.jar:4.3.12.RELEASE]
	at org.springframework.context.support.AbstractApplicationContext.refresh(AbstractApplicationContext.java:543) ~[spring-context-4.3.12.RELEASE.jar:4.3.12.RELEASE]
	at org.springframework.boot.context.embedded.EmbeddedWebApplicationContext.refresh(EmbeddedWebApplicationContext.java:122) ~[spring-boot-1.5.8.RELEASE.jar:1.5.8.RELEASE]
	at org.springframework.boot.SpringApplication.refresh(SpringApplication.java:693) [spring-boot-1.5.8.RELEASE.jar:1.5.8.RELEASE]
	at org.springframework.boot.SpringApplication.refreshContext(SpringApplication.java:360) [spring-boot-1.5.8.RELEASE.jar:1.5.8.RELEASE]
	at org.springframework.boot.SpringApplication.run(SpringApplication.java:303) [spring-boot-1.5.8.RELEASE.jar:1.5.8.RELEASE]
	at org.springframework.boot.SpringApplication.run(SpringApplication.java:1118) [spring-boot-1.5.8.RELEASE.jar:1.5.8.RELEASE]
	at org.springframework.boot.SpringApplication.run(SpringApplication.java:1107) [spring-boot-1.5.8.RELEASE.jar:1.5.8.RELEASE]
	at service.Application.main(Application.java:9) [classes/:?]
	at sun.reflect.NativeMethodAccessorImpl.invoke0(Native Method) ~[?:1.8.0_151]
	at sun.reflect.NativeMethodAccessorImpl.invoke(Unknown Source) ~[?:1.8.0_151]
	at sun.reflect.DelegatingMethodAccessorImpl.invoke(Unknown Source) ~[?:1.8.0_151]
	at java.lang.reflect.Method.invoke(Unknown Source) ~[?:1.8.0_151]
	at org.springframework.boot.devtools.restart.RestartLauncher.run(RestartLauncher.java:49) [spring-boot-devtools-1.5.8.RELEASE.jar:1.5.8.RELEASE]
Caused by: org.springframework.beans.BeanInstantiationException: Failed to instantiate [service.AccountService]: Constructor threw exception; nested exception is java.lang.Error: Unresolved compilation problems: 
	AccountCtrl cannot be resolved to a type
	ServiceBase<AccountCtrl> cannot be resolved to a type

	at org.springframework.beans.BeanUtils.instantiateClass(BeanUtils.java:154) ~[spring-beans-4.3.12.RELEASE.jar:4.3.12.RELEASE]
	at org.springframework.beans.factory.support.SimpleInstantiationStrategy.instantiate(SimpleInstantiationStrategy.java:89) ~[spring-beans-4.3.12.RELEASE.jar:4.3.12.RELEASE]
	at org.springframework.beans.factory.support.AbstractAutowireCapableBeanFactory.instantiateBean(AbstractAutowireCapableBeanFactory.java:1147) ~[spring-beans-4.3.12.RELEASE.jar:4.3.12.RELEASE]
	... 22 more
Caused by: java.lang.Error: Unresolved compilation problems: 
	AccountCtrl cannot be resolved to a type
	ServiceBase<AccountCtrl> cannot be resolved to a type

	at service.AccountService.<init>(AccountService.java:11) ~[classes/:?]
	at sun.reflect.NativeConstructorAccessorImpl.newInstance0(Native Method) ~[?:1.8.0_151]
	at sun.reflect.NativeConstructorAccessorImpl.newInstance(Unknown Source) ~[?:1.8.0_151]
	at sun.reflect.DelegatingConstructorAccessorImpl.newInstance(Unknown Source) ~[?:1.8.0_151]
	at java.lang.reflect.Constructor.newInstance(Unknown Source) ~[?:1.8.0_151]
	at org.springframework.beans.BeanUtils.instantiateClass(BeanUtils.java:142) ~[spring-beans-4.3.12.RELEASE.jar:4.3.12.RELEASE]
	at org.springframework.beans.factory.support.SimpleInstantiationStrategy.instantiate(SimpleInstantiationStrategy.java:89) ~[spring-beans-4.3.12.RELEASE.jar:4.3.12.RELEASE]
	at org.springframework.beans.factory.support.AbstractAutowireCapableBeanFactory.instantiateBean(AbstractAutowireCapableBeanFactory.java:1147) ~[spring-beans-4.3.12.RELEASE.jar:4.3.12.RELEASE]
	... 22 more
[13:16:40:742] [INFO] - org.springframework.boot.StartupInfoLogger.logStarting(StartupInfoLogger.java:48) - Starting Application on DESKTOP-KNFU3RB with PID 4524 (D:\p-wang\2017\workspace\eclipse\ProjectX1-DataCenter\target\classes started by bretwang in D:\p-wang\2017\workspace\eclipse\ProjectX1-DataCenter)
[13:16:40:742] [INFO] - org.springframework.boot.SpringApplication.logStartupProfileInfo(SpringApplication.java:593) - No active profile set, falling back to default profiles: default
[13:16:40:949] [ERROR] - org.springframework.boot.SpringApplication.reportFailure(SpringApplication.java:771) - Application startup failed
org.springframework.beans.factory.BeanCreationException: Error creating bean with name 'accountService' defined in file [D:\p-wang\2017\workspace\eclipse\ProjectX1-DataCenter\target\classes\service\AccountService.class]: Instantiation of bean failed; nested exception is org.springframework.beans.BeanInstantiationException: Failed to instantiate [service.AccountService]: Constructor threw exception; nested exception is java.lang.Error: Unresolved compilation problems: 
	AccountCtrl cannot be resolved to a type
	ServiceBase<AccountCtrl> cannot be resolved to a type

	at org.springframework.beans.factory.support.AbstractAutowireCapableBeanFactory.instantiateBean(AbstractAutowireCapableBeanFactory.java:1155) ~[spring-beans-4.3.12.RELEASE.jar:4.3.12.RELEASE]
	at org.springframework.beans.factory.support.AbstractAutowireCapableBeanFactory.createBeanInstance(AbstractAutowireCapableBeanFactory.java:1099) ~[spring-beans-4.3.12.RELEASE.jar:4.3.12.RELEASE]
	at org.springframework.beans.factory.support.AbstractAutowireCapableBeanFactory.doCreateBean(AbstractAutowireCapableBeanFactory.java:513) ~[spring-beans-4.3.12.RELEASE.jar:4.3.12.RELEASE]
	at org.springframework.beans.factory.support.AbstractAutowireCapableBeanFactory.createBean(AbstractAutowireCapableBeanFactory.java:483) ~[spring-beans-4.3.12.RELEASE.jar:4.3.12.RELEASE]
	at org.springframework.beans.factory.support.AbstractBeanFactory$1.getObject(AbstractBeanFactory.java:306) ~[spring-beans-4.3.12.RELEASE.jar:4.3.12.RELEASE]
	at org.springframework.beans.factory.support.DefaultSingletonBeanRegistry.getSingleton(DefaultSingletonBeanRegistry.java:230) ~[spring-beans-4.3.12.RELEASE.jar:4.3.12.RELEASE]
	at org.springframework.beans.factory.support.AbstractBeanFactory.doGetBean(AbstractBeanFactory.java:302) ~[spring-beans-4.3.12.RELEASE.jar:4.3.12.RELEASE]
	at org.springframework.beans.factory.support.AbstractBeanFactory.getBean(AbstractBeanFactory.java:197) ~[spring-beans-4.3.12.RELEASE.jar:4.3.12.RELEASE]
	at org.springframework.beans.factory.support.DefaultListableBeanFactory.preInstantiateSingletons(DefaultListableBeanFactory.java:761) ~[spring-beans-4.3.12.RELEASE.jar:4.3.12.RELEASE]
	at org.springframework.context.support.AbstractApplicationContext.finishBeanFactoryInitialization(AbstractApplicationContext.java:867) ~[spring-context-4.3.12.RELEASE.jar:4.3.12.RELEASE]
	at org.springframework.context.support.AbstractApplicationContext.refresh(AbstractApplicationContext.java:543) ~[spring-context-4.3.12.RELEASE.jar:4.3.12.RELEASE]
	at org.springframework.boot.context.embedded.EmbeddedWebApplicationContext.refresh(EmbeddedWebApplicationContext.java:122) ~[spring-boot-1.5.8.RELEASE.jar:1.5.8.RELEASE]
	at org.springframework.boot.SpringApplication.refresh(SpringApplication.java:693) [spring-boot-1.5.8.RELEASE.jar:1.5.8.RELEASE]
	at org.springframework.boot.SpringApplication.refreshContext(SpringApplication.java:360) [spring-boot-1.5.8.RELEASE.jar:1.5.8.RELEASE]
	at org.springframework.boot.SpringApplication.run(SpringApplication.java:303) [spring-boot-1.5.8.RELEASE.jar:1.5.8.RELEASE]
	at org.springframework.boot.SpringApplication.run(SpringApplication.java:1118) [spring-boot-1.5.8.RELEASE.jar:1.5.8.RELEASE]
	at org.springframework.boot.SpringApplication.run(SpringApplication.java:1107) [spring-boot-1.5.8.RELEASE.jar:1.5.8.RELEASE]
	at service.Application.main(Application.java:9) [classes/:?]
	at sun.reflect.NativeMethodAccessorImpl.invoke0(Native Method) ~[?:1.8.0_151]
	at sun.reflect.NativeMethodAccessorImpl.invoke(Unknown Source) ~[?:1.8.0_151]
	at sun.reflect.DelegatingMethodAccessorImpl.invoke(Unknown Source) ~[?:1.8.0_151]
	at java.lang.reflect.Method.invoke(Unknown Source) ~[?:1.8.0_151]
	at org.springframework.boot.devtools.restart.RestartLauncher.run(RestartLauncher.java:49) [spring-boot-devtools-1.5.8.RELEASE.jar:1.5.8.RELEASE]
Caused by: org.springframework.beans.BeanInstantiationException: Failed to instantiate [service.AccountService]: Constructor threw exception; nested exception is java.lang.Error: Unresolved compilation problems: 
	AccountCtrl cannot be resolved to a type
	ServiceBase<AccountCtrl> cannot be resolved to a type

	at org.springframework.beans.BeanUtils.instantiateClass(BeanUtils.java:154) ~[spring-beans-4.3.12.RELEASE.jar:4.3.12.RELEASE]
	at org.springframework.beans.factory.support.SimpleInstantiationStrategy.instantiate(SimpleInstantiationStrategy.java:89) ~[spring-beans-4.3.12.RELEASE.jar:4.3.12.RELEASE]
	at org.springframework.beans.factory.support.AbstractAutowireCapableBeanFactory.instantiateBean(AbstractAutowireCapableBeanFactory.java:1147) ~[spring-beans-4.3.12.RELEASE.jar:4.3.12.RELEASE]
	... 22 more
Caused by: java.lang.Error: Unresolved compilation problems: 
	AccountCtrl cannot be resolved to a type
	ServiceBase<AccountCtrl> cannot be resolved to a type

	at service.AccountService.<init>(AccountService.java:11) ~[classes/:?]
	at sun.reflect.NativeConstructorAccessorImpl.newInstance0(Native Method) ~[?:1.8.0_151]
	at sun.reflect.NativeConstructorAccessorImpl.newInstance(Unknown Source) ~[?:1.8.0_151]
	at sun.reflect.DelegatingConstructorAccessorImpl.newInstance(Unknown Source) ~[?:1.8.0_151]
	at java.lang.reflect.Constructor.newInstance(Unknown Source) ~[?:1.8.0_151]
	at org.springframework.beans.BeanUtils.instantiateClass(BeanUtils.java:142) ~[spring-beans-4.3.12.RELEASE.jar:4.3.12.RELEASE]
	at org.springframework.beans.factory.support.SimpleInstantiationStrategy.instantiate(SimpleInstantiationStrategy.java:89) ~[spring-beans-4.3.12.RELEASE.jar:4.3.12.RELEASE]
	at org.springframework.beans.factory.support.AbstractAutowireCapableBeanFactory.instantiateBean(AbstractAutowireCapableBeanFactory.java:1147) ~[spring-beans-4.3.12.RELEASE.jar:4.3.12.RELEASE]
	... 22 more
[13:17:04:519] [INFO] - org.springframework.boot.StartupInfoLogger.logStarting(StartupInfoLogger.java:48) - Starting Application on DESKTOP-KNFU3RB with PID 4524 (D:\p-wang\2017\workspace\eclipse\ProjectX1-DataCenter\target\classes started by bretwang in D:\p-wang\2017\workspace\eclipse\ProjectX1-DataCenter)
[13:17:04:519] [INFO] - org.springframework.boot.SpringApplication.logStartupProfileInfo(SpringApplication.java:593) - No active profile set, falling back to default profiles: default
[13:17:04:729] [ERROR] - org.springframework.boot.SpringApplication.reportFailure(SpringApplication.java:771) - Application startup failed
org.springframework.beans.factory.BeanCreationException: Error creating bean with name 'accountService' defined in file [D:\p-wang\2017\workspace\eclipse\ProjectX1-DataCenter\target\classes\service\AccountService.class]: Instantiation of bean failed; nested exception is org.springframework.beans.BeanInstantiationException: Failed to instantiate [service.AccountService]: Constructor threw exception; nested exception is java.lang.Error: Unresolved compilation problem: 
	AccountCtrl cannot be resolved to a type

	at org.springframework.beans.factory.support.AbstractAutowireCapableBeanFactory.instantiateBean(AbstractAutowireCapableBeanFactory.java:1155) ~[spring-beans-4.3.12.RELEASE.jar:4.3.12.RELEASE]
	at org.springframework.beans.factory.support.AbstractAutowireCapableBeanFactory.createBeanInstance(AbstractAutowireCapableBeanFactory.java:1099) ~[spring-beans-4.3.12.RELEASE.jar:4.3.12.RELEASE]
	at org.springframework.beans.factory.support.AbstractAutowireCapableBeanFactory.doCreateBean(AbstractAutowireCapableBeanFactory.java:513) ~[spring-beans-4.3.12.RELEASE.jar:4.3.12.RELEASE]
	at org.springframework.beans.factory.support.AbstractAutowireCapableBeanFactory.createBean(AbstractAutowireCapableBeanFactory.java:483) ~[spring-beans-4.3.12.RELEASE.jar:4.3.12.RELEASE]
	at org.springframework.beans.factory.support.AbstractBeanFactory$1.getObject(AbstractBeanFactory.java:306) ~[spring-beans-4.3.12.RELEASE.jar:4.3.12.RELEASE]
	at org.springframework.beans.factory.support.DefaultSingletonBeanRegistry.getSingleton(DefaultSingletonBeanRegistry.java:230) ~[spring-beans-4.3.12.RELEASE.jar:4.3.12.RELEASE]
	at org.springframework.beans.factory.support.AbstractBeanFactory.doGetBean(AbstractBeanFactory.java:302) ~[spring-beans-4.3.12.RELEASE.jar:4.3.12.RELEASE]
	at org.springframework.beans.factory.support.AbstractBeanFactory.getBean(AbstractBeanFactory.java:197) ~[spring-beans-4.3.12.RELEASE.jar:4.3.12.RELEASE]
	at org.springframework.beans.factory.support.DefaultListableBeanFactory.preInstantiateSingletons(DefaultListableBeanFactory.java:761) ~[spring-beans-4.3.12.RELEASE.jar:4.3.12.RELEASE]
	at org.springframework.context.support.AbstractApplicationContext.finishBeanFactoryInitialization(AbstractApplicationContext.java:867) ~[spring-context-4.3.12.RELEASE.jar:4.3.12.RELEASE]
	at org.springframework.context.support.AbstractApplicationContext.refresh(AbstractApplicationContext.java:543) ~[spring-context-4.3.12.RELEASE.jar:4.3.12.RELEASE]
	at org.springframework.boot.context.embedded.EmbeddedWebApplicationContext.refresh(EmbeddedWebApplicationContext.java:122) ~[spring-boot-1.5.8.RELEASE.jar:1.5.8.RELEASE]
	at org.springframework.boot.SpringApplication.refresh(SpringApplication.java:693) [spring-boot-1.5.8.RELEASE.jar:1.5.8.RELEASE]
	at org.springframework.boot.SpringApplication.refreshContext(SpringApplication.java:360) [spring-boot-1.5.8.RELEASE.jar:1.5.8.RELEASE]
	at org.springframework.boot.SpringApplication.run(SpringApplication.java:303) [spring-boot-1.5.8.RELEASE.jar:1.5.8.RELEASE]
	at org.springframework.boot.SpringApplication.run(SpringApplication.java:1118) [spring-boot-1.5.8.RELEASE.jar:1.5.8.RELEASE]
	at org.springframework.boot.SpringApplication.run(SpringApplication.java:1107) [spring-boot-1.5.8.RELEASE.jar:1.5.8.RELEASE]
	at service.Application.main(Application.java:9) [classes/:?]
	at sun.reflect.NativeMethodAccessorImpl.invoke0(Native Method) ~[?:1.8.0_151]
	at sun.reflect.NativeMethodAccessorImpl.invoke(Unknown Source) ~[?:1.8.0_151]
	at sun.reflect.DelegatingMethodAccessorImpl.invoke(Unknown Source) ~[?:1.8.0_151]
	at java.lang.reflect.Method.invoke(Unknown Source) ~[?:1.8.0_151]
	at org.springframework.boot.devtools.restart.RestartLauncher.run(RestartLauncher.java:49) [spring-boot-devtools-1.5.8.RELEASE.jar:1.5.8.RELEASE]
Caused by: org.springframework.beans.BeanInstantiationException: Failed to instantiate [service.AccountService]: Constructor threw exception; nested exception is java.lang.Error: Unresolved compilation problem: 
	AccountCtrl cannot be resolved to a type

	at org.springframework.beans.BeanUtils.instantiateClass(BeanUtils.java:154) ~[spring-beans-4.3.12.RELEASE.jar:4.3.12.RELEASE]
	at org.springframework.beans.factory.support.SimpleInstantiationStrategy.instantiate(SimpleInstantiationStrategy.java:89) ~[spring-beans-4.3.12.RELEASE.jar:4.3.12.RELEASE]
	at org.springframework.beans.factory.support.AbstractAutowireCapableBeanFactory.instantiateBean(AbstractAutowireCapableBeanFactory.java:1147) ~[spring-beans-4.3.12.RELEASE.jar:4.3.12.RELEASE]
	... 22 more
Caused by: java.lang.Error: Unresolved compilation problem: 
	AccountCtrl cannot be resolved to a type

	at service.AccountService.<init>(AccountService.java:11) ~[classes/:?]
	at sun.reflect.NativeConstructorAccessorImpl.newInstance0(Native Method) ~[?:1.8.0_151]
	at sun.reflect.NativeConstructorAccessorImpl.newInstance(Unknown Source) ~[?:1.8.0_151]
	at sun.reflect.DelegatingConstructorAccessorImpl.newInstance(Unknown Source) ~[?:1.8.0_151]
	at java.lang.reflect.Constructor.newInstance(Unknown Source) ~[?:1.8.0_151]
	at org.springframework.beans.BeanUtils.instantiateClass(BeanUtils.java:142) ~[spring-beans-4.3.12.RELEASE.jar:4.3.12.RELEASE]
	at org.springframework.beans.factory.support.SimpleInstantiationStrategy.instantiate(SimpleInstantiationStrategy.java:89) ~[spring-beans-4.3.12.RELEASE.jar:4.3.12.RELEASE]
	at org.springframework.beans.factory.support.AbstractAutowireCapableBeanFactory.instantiateBean(AbstractAutowireCapableBeanFactory.java:1147) ~[spring-beans-4.3.12.RELEASE.jar:4.3.12.RELEASE]
	... 22 more
[13:17:23:282] [INFO] - org.springframework.boot.StartupInfoLogger.logStarting(StartupInfoLogger.java:48) - Starting Application on DESKTOP-KNFU3RB with PID 4524 (D:\p-wang\2017\workspace\eclipse\ProjectX1-DataCenter\target\classes started by bretwang in D:\p-wang\2017\workspace\eclipse\ProjectX1-DataCenter)
[13:17:23:283] [INFO] - org.springframework.boot.SpringApplication.logStartupProfileInfo(SpringApplication.java:593) - No active profile set, falling back to default profiles: default
[13:17:23:566] [INFO] - org.springframework.boot.StartupInfoLogger.logStarted(StartupInfoLogger.java:57) - Started Application in 0.31 seconds (JVM running for 454.719)
[13:17:39:188] [INFO] - org.springframework.boot.StartupInfoLogger.logStarting(StartupInfoLogger.java:48) - Starting Application on DESKTOP-KNFU3RB with PID 4524 (D:\p-wang\2017\workspace\eclipse\ProjectX1-DataCenter\target\classes started by bretwang in D:\p-wang\2017\workspace\eclipse\ProjectX1-DataCenter)
[13:17:39:188] [INFO] - org.springframework.boot.SpringApplication.logStartupProfileInfo(SpringApplication.java:593) - No active profile set, falling back to default profiles: default
[13:17:39:447] [INFO] - org.springframework.boot.StartupInfoLogger.logStarted(StartupInfoLogger.java:57) - Started Application in 0.285 seconds (JVM running for 470.601)
[13:17:48:011] [INFO] - org.springframework.boot.StartupInfoLogger.logStarting(StartupInfoLogger.java:48) - Starting Application on DESKTOP-KNFU3RB with PID 4524 (D:\p-wang\2017\workspace\eclipse\ProjectX1-DataCenter\target\classes started by bretwang in D:\p-wang\2017\workspace\eclipse\ProjectX1-DataCenter)
[13:17:48:012] [INFO] - org.springframework.boot.SpringApplication.logStartupProfileInfo(SpringApplication.java:593) - No active profile set, falling back to default profiles: default
[13:17:48:262] [INFO] - org.springframework.boot.StartupInfoLogger.logStarted(StartupInfoLogger.java:57) - Started Application in 0.276 seconds (JVM running for 479.416)
[13:19:18:221] [INFO] - org.springframework.boot.StartupInfoLogger.logStarting(StartupInfoLogger.java:48) - Starting Application on DESKTOP-KNFU3RB with PID 4524 (D:\p-wang\2017\workspace\eclipse\ProjectX1-DataCenter\target\classes started by bretwang in D:\p-wang\2017\workspace\eclipse\ProjectX1-DataCenter)
[13:19:18:222] [INFO] - org.springframework.boot.SpringApplication.logStartupProfileInfo(SpringApplication.java:593) - No active profile set, falling back to default profiles: default
[13:19:18:480] [INFO] - org.springframework.boot.StartupInfoLogger.logStarted(StartupInfoLogger.java:57) - Started Application in 0.29 seconds (JVM running for 569.634)
[13:20:56:692] [INFO] - org.springframework.boot.StartupInfoLogger.logStarting(StartupInfoLogger.java:48) - Starting Application on DESKTOP-KNFU3RB with PID 4524 (D:\p-wang\2017\workspace\eclipse\ProjectX1-DataCenter\target\classes started by bretwang in D:\p-wang\2017\workspace\eclipse\ProjectX1-DataCenter)
[13:20:56:692] [INFO] - org.springframework.boot.SpringApplication.logStartupProfileInfo(SpringApplication.java:593) - No active profile set, falling back to default profiles: default
[13:20:56:968] [INFO] - org.springframework.boot.StartupInfoLogger.logStarted(StartupInfoLogger.java:57) - Started Application in 0.303 seconds (JVM running for 668.122)
[13:21:41:748] [INFO] - org.springframework.boot.StartupInfoLogger.logStarting(StartupInfoLogger.java:48) - Starting Application on DESKTOP-KNFU3RB with PID 4524 (D:\p-wang\2017\workspace\eclipse\ProjectX1-DataCenter\target\classes started by bretwang in D:\p-wang\2017\workspace\eclipse\ProjectX1-DataCenter)
[13:21:41:749] [INFO] - org.springframework.boot.SpringApplication.logStartupProfileInfo(SpringApplication.java:593) - No active profile set, falling back to default profiles: default
[13:21:42:054] [INFO] - org.springframework.boot.StartupInfoLogger.logStarted(StartupInfoLogger.java:57) - Started Application in 0.33 seconds (JVM running for 713.208)
[13:22:49:943] [INFO] - org.springframework.boot.StartupInfoLogger.logStarting(StartupInfoLogger.java:48) - Starting Application on DESKTOP-KNFU3RB with PID 4524 (D:\p-wang\2017\workspace\eclipse\ProjectX1-DataCenter\target\classes started by bretwang in D:\p-wang\2017\workspace\eclipse\ProjectX1-DataCenter)
[13:22:49:943] [INFO] - org.springframework.boot.SpringApplication.logStartupProfileInfo(SpringApplication.java:593) - No active profile set, falling back to default profiles: default
[13:22:50:194] [INFO] - org.springframework.boot.StartupInfoLogger.logStarted(StartupInfoLogger.java:57) - Started Application in 0.275 seconds (JVM running for 781.347)
[13:22:55:719] [INFO] - org.springframework.boot.StartupInfoLogger.logStarting(StartupInfoLogger.java:48) - Starting Application on DESKTOP-KNFU3RB with PID 4524 (D:\p-wang\2017\workspace\eclipse\ProjectX1-DataCenter\target\classes started by bretwang in D:\p-wang\2017\workspace\eclipse\ProjectX1-DataCenter)
[13:22:55:720] [INFO] - org.springframework.boot.SpringApplication.logStartupProfileInfo(SpringApplication.java:593) - No active profile set, falling back to default profiles: default
[13:22:55:988] [INFO] - org.springframework.boot.StartupInfoLogger.logStarted(StartupInfoLogger.java:57) - Started Application in 0.3 seconds (JVM running for 787.142)
[13:23:06:603] [INFO] - org.springframework.boot.StartupInfoLogger.logStarting(StartupInfoLogger.java:48) - Starting Application on DESKTOP-KNFU3RB with PID 4524 (D:\p-wang\2017\workspace\eclipse\ProjectX1-DataCenter\target\classes started by bretwang in D:\p-wang\2017\workspace\eclipse\ProjectX1-DataCenter)
[13:23:06:604] [INFO] - org.springframework.boot.SpringApplication.logStartupProfileInfo(SpringApplication.java:593) - No active profile set, falling back to default profiles: default
[13:23:06:842] [INFO] - org.springframework.boot.StartupInfoLogger.logStarted(StartupInfoLogger.java:57) - Started Application in 0.263 seconds (JVM running for 797.996)
[13:23:29:442] [INFO] - org.springframework.boot.StartupInfoLogger.logStarting(StartupInfoLogger.java:48) - Starting Application on DESKTOP-KNFU3RB with PID 4524 (D:\p-wang\2017\workspace\eclipse\ProjectX1-DataCenter\target\classes started by bretwang in D:\p-wang\2017\workspace\eclipse\ProjectX1-DataCenter)
[13:23:29:442] [INFO] - org.springframework.boot.SpringApplication.logStartupProfileInfo(SpringApplication.java:593) - No active profile set, falling back to default profiles: default
[13:23:29:689] [INFO] - org.springframework.boot.StartupInfoLogger.logStarted(StartupInfoLogger.java:57) - Started Application in 0.27 seconds (JVM running for 820.843)
[13:23:40:236] [INFO] - org.springframework.boot.StartupInfoLogger.logStarting(StartupInfoLogger.java:48) - Starting Application on DESKTOP-KNFU3RB with PID 4524 (D:\p-wang\2017\workspace\eclipse\ProjectX1-DataCenter\target\classes started by bretwang in D:\p-wang\2017\workspace\eclipse\ProjectX1-DataCenter)
[13:23:40:237] [INFO] - org.springframework.boot.SpringApplication.logStartupProfileInfo(SpringApplication.java:593) - No active profile set, falling back to default profiles: default
[13:23:40:480] [INFO] - org.springframework.boot.StartupInfoLogger.logStarted(StartupInfoLogger.java:57) - Started Application in 0.266 seconds (JVM running for 831.633)
[13:23:45:981] [INFO] - org.springframework.boot.StartupInfoLogger.logStarting(StartupInfoLogger.java:48) - Starting Application on DESKTOP-KNFU3RB with PID 4524 (D:\p-wang\2017\workspace\eclipse\ProjectX1-DataCenter\target\classes started by bretwang in D:\p-wang\2017\workspace\eclipse\ProjectX1-DataCenter)
[13:23:45:982] [INFO] - org.springframework.boot.SpringApplication.logStartupProfileInfo(SpringApplication.java:593) - No active profile set, falling back to default profiles: default
[13:23:46:219] [INFO] - org.springframework.boot.StartupInfoLogger.logStarted(StartupInfoLogger.java:57) - Started Application in 0.261 seconds (JVM running for 837.373)
[13:24:21:940] [INFO] - org.springframework.boot.StartupInfoLogger.logStarting(StartupInfoLogger.java:48) - Starting Application on DESKTOP-KNFU3RB with PID 4524 (D:\p-wang\2017\workspace\eclipse\ProjectX1-DataCenter\target\classes started by bretwang in D:\p-wang\2017\workspace\eclipse\ProjectX1-DataCenter)
[13:24:21:941] [INFO] - org.springframework.boot.SpringApplication.logStartupProfileInfo(SpringApplication.java:593) - No active profile set, falling back to default profiles: default
[13:24:22:175] [INFO] - org.springframework.boot.StartupInfoLogger.logStarted(StartupInfoLogger.java:57) - Started Application in 0.259 seconds (JVM running for 873.329)
[13:25:15:997] [INFO] - org.springframework.boot.StartupInfoLogger.logStarting(StartupInfoLogger.java:48) - Starting Application on DESKTOP-KNFU3RB with PID 4524 (D:\p-wang\2017\workspace\eclipse\ProjectX1-DataCenter\target\classes started by bretwang in D:\p-wang\2017\workspace\eclipse\ProjectX1-DataCenter)
[13:25:15:998] [INFO] - org.springframework.boot.SpringApplication.logStartupProfileInfo(SpringApplication.java:593) - No active profile set, falling back to default profiles: default
[13:25:16:287] [INFO] - org.springframework.boot.StartupInfoLogger.logStarted(StartupInfoLogger.java:57) - Started Application in 0.317 seconds (JVM running for 927.441)
[13:25:32:857] [INFO] - org.springframework.boot.StartupInfoLogger.logStarting(StartupInfoLogger.java:48) - Starting Application on DESKTOP-KNFU3RB with PID 4524 (D:\p-wang\2017\workspace\eclipse\ProjectX1-DataCenter\target\classes started by bretwang in D:\p-wang\2017\workspace\eclipse\ProjectX1-DataCenter)
[13:25:32:857] [INFO] - org.springframework.boot.SpringApplication.logStartupProfileInfo(SpringApplication.java:593) - No active profile set, falling back to default profiles: default
[13:25:33:091] [INFO] - org.springframework.boot.StartupInfoLogger.logStarted(StartupInfoLogger.java:57) - Started Application in 0.259 seconds (JVM running for 944.244)
[13:26:30:917] [INFO] - org.springframework.boot.StartupInfoLogger.logStarting(StartupInfoLogger.java:48) - Starting Application on DESKTOP-KNFU3RB with PID 4524 (D:\p-wang\2017\workspace\eclipse\ProjectX1-DataCenter\target\classes started by bretwang in D:\p-wang\2017\workspace\eclipse\ProjectX1-DataCenter)
[13:26:30:918] [INFO] - org.springframework.boot.SpringApplication.logStartupProfileInfo(SpringApplication.java:593) - No active profile set, falling back to default profiles: default
[13:26:31:093] [ERROR] - org.springframework.boot.SpringApplication.reportFailure(SpringApplication.java:771) - Application startup failed
org.springframework.beans.factory.BeanCreationException: Error creating bean with name 'accountService' defined in file [D:\p-wang\2017\workspace\eclipse\ProjectX1-DataCenter\target\classes\service\AccountService.class]: Instantiation of bean failed; nested exception is org.springframework.beans.BeanInstantiationException: Failed to instantiate [service.AccountService]: Constructor threw exception; nested exception is java.lang.Error: Unresolved compilation problem: 
	Unhandled exception type NoSuchFieldException

	at org.springframework.beans.factory.support.AbstractAutowireCapableBeanFactory.instantiateBean(AbstractAutowireCapableBeanFactory.java:1155) ~[spring-beans-4.3.12.RELEASE.jar:4.3.12.RELEASE]
	at org.springframework.beans.factory.support.AbstractAutowireCapableBeanFactory.createBeanInstance(AbstractAutowireCapableBeanFactory.java:1099) ~[spring-beans-4.3.12.RELEASE.jar:4.3.12.RELEASE]
	at org.springframework.beans.factory.support.AbstractAutowireCapableBeanFactory.doCreateBean(AbstractAutowireCapableBeanFactory.java:513) ~[spring-beans-4.3.12.RELEASE.jar:4.3.12.RELEASE]
	at org.springframework.beans.factory.support.AbstractAutowireCapableBeanFactory.createBean(AbstractAutowireCapableBeanFactory.java:483) ~[spring-beans-4.3.12.RELEASE.jar:4.3.12.RELEASE]
	at org.springframework.beans.factory.support.AbstractBeanFactory$1.getObject(AbstractBeanFactory.java:306) ~[spring-beans-4.3.12.RELEASE.jar:4.3.12.RELEASE]
	at org.springframework.beans.factory.support.DefaultSingletonBeanRegistry.getSingleton(DefaultSingletonBeanRegistry.java:230) ~[spring-beans-4.3.12.RELEASE.jar:4.3.12.RELEASE]
	at org.springframework.beans.factory.support.AbstractBeanFactory.doGetBean(AbstractBeanFactory.java:302) ~[spring-beans-4.3.12.RELEASE.jar:4.3.12.RELEASE]
	at org.springframework.beans.factory.support.AbstractBeanFactory.getBean(AbstractBeanFactory.java:197) ~[spring-beans-4.3.12.RELEASE.jar:4.3.12.RELEASE]
	at org.springframework.beans.factory.support.DefaultListableBeanFactory.preInstantiateSingletons(DefaultListableBeanFactory.java:761) ~[spring-beans-4.3.12.RELEASE.jar:4.3.12.RELEASE]
	at org.springframework.context.support.AbstractApplicationContext.finishBeanFactoryInitialization(AbstractApplicationContext.java:867) ~[spring-context-4.3.12.RELEASE.jar:4.3.12.RELEASE]
	at org.springframework.context.support.AbstractApplicationContext.refresh(AbstractApplicationContext.java:543) ~[spring-context-4.3.12.RELEASE.jar:4.3.12.RELEASE]
	at org.springframework.boot.context.embedded.EmbeddedWebApplicationContext.refresh(EmbeddedWebApplicationContext.java:122) ~[spring-boot-1.5.8.RELEASE.jar:1.5.8.RELEASE]
	at org.springframework.boot.SpringApplication.refresh(SpringApplication.java:693) [spring-boot-1.5.8.RELEASE.jar:1.5.8.RELEASE]
	at org.springframework.boot.SpringApplication.refreshContext(SpringApplication.java:360) [spring-boot-1.5.8.RELEASE.jar:1.5.8.RELEASE]
	at org.springframework.boot.SpringApplication.run(SpringApplication.java:303) [spring-boot-1.5.8.RELEASE.jar:1.5.8.RELEASE]
	at org.springframework.boot.SpringApplication.run(SpringApplication.java:1118) [spring-boot-1.5.8.RELEASE.jar:1.5.8.RELEASE]
	at org.springframework.boot.SpringApplication.run(SpringApplication.java:1107) [spring-boot-1.5.8.RELEASE.jar:1.5.8.RELEASE]
	at service.Application.main(Application.java:9) [classes/:?]
	at sun.reflect.NativeMethodAccessorImpl.invoke0(Native Method) ~[?:1.8.0_151]
	at sun.reflect.NativeMethodAccessorImpl.invoke(Unknown Source) ~[?:1.8.0_151]
	at sun.reflect.DelegatingMethodAccessorImpl.invoke(Unknown Source) ~[?:1.8.0_151]
	at java.lang.reflect.Method.invoke(Unknown Source) ~[?:1.8.0_151]
	at org.springframework.boot.devtools.restart.RestartLauncher.run(RestartLauncher.java:49) [spring-boot-devtools-1.5.8.RELEASE.jar:1.5.8.RELEASE]
Caused by: org.springframework.beans.BeanInstantiationException: Failed to instantiate [service.AccountService]: Constructor threw exception; nested exception is java.lang.Error: Unresolved compilation problem: 
	Unhandled exception type NoSuchFieldException

	at org.springframework.beans.BeanUtils.instantiateClass(BeanUtils.java:154) ~[spring-beans-4.3.12.RELEASE.jar:4.3.12.RELEASE]
	at org.springframework.beans.factory.support.SimpleInstantiationStrategy.instantiate(SimpleInstantiationStrategy.java:89) ~[spring-beans-4.3.12.RELEASE.jar:4.3.12.RELEASE]
	at org.springframework.beans.factory.support.AbstractAutowireCapableBeanFactory.instantiateBean(AbstractAutowireCapableBeanFactory.java:1147) ~[spring-beans-4.3.12.RELEASE.jar:4.3.12.RELEASE]
	... 22 more
Caused by: java.lang.Error: Unresolved compilation problem: 
	Unhandled exception type NoSuchFieldException

	at base.ServiceBase.<init>(ServiceBase.java:16) ~[classes/:?]
	at service.AccountService.<init>(AccountService.java:12) ~[classes/:?]
	at sun.reflect.NativeConstructorAccessorImpl.newInstance0(Native Method) ~[?:1.8.0_151]
	at sun.reflect.NativeConstructorAccessorImpl.newInstance(Unknown Source) ~[?:1.8.0_151]
	at sun.reflect.DelegatingConstructorAccessorImpl.newInstance(Unknown Source) ~[?:1.8.0_151]
	at java.lang.reflect.Constructor.newInstance(Unknown Source) ~[?:1.8.0_151]
	at org.springframework.beans.BeanUtils.instantiateClass(BeanUtils.java:142) ~[spring-beans-4.3.12.RELEASE.jar:4.3.12.RELEASE]
	at org.springframework.beans.factory.support.SimpleInstantiationStrategy.instantiate(SimpleInstantiationStrategy.java:89) ~[spring-beans-4.3.12.RELEASE.jar:4.3.12.RELEASE]
	at org.springframework.beans.factory.support.AbstractAutowireCapableBeanFactory.instantiateBean(AbstractAutowireCapableBeanFactory.java:1147) ~[spring-beans-4.3.12.RELEASE.jar:4.3.12.RELEASE]
	... 22 more
[13:28:17:076] [INFO] - org.springframework.boot.StartupInfoLogger.logStarting(StartupInfoLogger.java:48) - Starting Application on DESKTOP-KNFU3RB with PID 4524 (D:\p-wang\2017\workspace\eclipse\ProjectX1-DataCenter\target\classes started by bretwang in D:\p-wang\2017\workspace\eclipse\ProjectX1-DataCenter)
[13:28:17:077] [INFO] - org.springframework.boot.SpringApplication.logStartupProfileInfo(SpringApplication.java:593) - No active profile set, falling back to default profiles: default
[13:28:17:260] [ERROR] - org.springframework.boot.SpringApplication.reportFailure(SpringApplication.java:771) - Application startup failed
org.springframework.beans.factory.BeanCreationException: Error creating bean with name 'accountService' defined in file [D:\p-wang\2017\workspace\eclipse\ProjectX1-DataCenter\target\classes\service\AccountService.class]: Instantiation of bean failed; nested exception is org.springframework.beans.BeanInstantiationException: Failed to instantiate [service.AccountService]: Constructor threw exception; nested exception is java.lang.Error: Unresolved compilation problems: 
	obj cannot be resolved to a variable
	Syntax error, insert ";" to complete Statement

	at org.springframework.beans.factory.support.AbstractAutowireCapableBeanFactory.instantiateBean(AbstractAutowireCapableBeanFactory.java:1155) ~[spring-beans-4.3.12.RELEASE.jar:4.3.12.RELEASE]
	at org.springframework.beans.factory.support.AbstractAutowireCapableBeanFactory.createBeanInstance(AbstractAutowireCapableBeanFactory.java:1099) ~[spring-beans-4.3.12.RELEASE.jar:4.3.12.RELEASE]
	at org.springframework.beans.factory.support.AbstractAutowireCapableBeanFactory.doCreateBean(AbstractAutowireCapableBeanFactory.java:513) ~[spring-beans-4.3.12.RELEASE.jar:4.3.12.RELEASE]
	at org.springframework.beans.factory.support.AbstractAutowireCapableBeanFactory.createBean(AbstractAutowireCapableBeanFactory.java:483) ~[spring-beans-4.3.12.RELEASE.jar:4.3.12.RELEASE]
	at org.springframework.beans.factory.support.AbstractBeanFactory$1.getObject(AbstractBeanFactory.java:306) ~[spring-beans-4.3.12.RELEASE.jar:4.3.12.RELEASE]
	at org.springframework.beans.factory.support.DefaultSingletonBeanRegistry.getSingleton(DefaultSingletonBeanRegistry.java:230) ~[spring-beans-4.3.12.RELEASE.jar:4.3.12.RELEASE]
	at org.springframework.beans.factory.support.AbstractBeanFactory.doGetBean(AbstractBeanFactory.java:302) ~[spring-beans-4.3.12.RELEASE.jar:4.3.12.RELEASE]
	at org.springframework.beans.factory.support.AbstractBeanFactory.getBean(AbstractBeanFactory.java:197) ~[spring-beans-4.3.12.RELEASE.jar:4.3.12.RELEASE]
	at org.springframework.beans.factory.support.DefaultListableBeanFactory.preInstantiateSingletons(DefaultListableBeanFactory.java:761) ~[spring-beans-4.3.12.RELEASE.jar:4.3.12.RELEASE]
	at org.springframework.context.support.AbstractApplicationContext.finishBeanFactoryInitialization(AbstractApplicationContext.java:867) ~[spring-context-4.3.12.RELEASE.jar:4.3.12.RELEASE]
	at org.springframework.context.support.AbstractApplicationContext.refresh(AbstractApplicationContext.java:543) ~[spring-context-4.3.12.RELEASE.jar:4.3.12.RELEASE]
	at org.springframework.boot.context.embedded.EmbeddedWebApplicationContext.refresh(EmbeddedWebApplicationContext.java:122) ~[spring-boot-1.5.8.RELEASE.jar:1.5.8.RELEASE]
	at org.springframework.boot.SpringApplication.refresh(SpringApplication.java:693) [spring-boot-1.5.8.RELEASE.jar:1.5.8.RELEASE]
	at org.springframework.boot.SpringApplication.refreshContext(SpringApplication.java:360) [spring-boot-1.5.8.RELEASE.jar:1.5.8.RELEASE]
	at org.springframework.boot.SpringApplication.run(SpringApplication.java:303) [spring-boot-1.5.8.RELEASE.jar:1.5.8.RELEASE]
	at org.springframework.boot.SpringApplication.run(SpringApplication.java:1118) [spring-boot-1.5.8.RELEASE.jar:1.5.8.RELEASE]
	at org.springframework.boot.SpringApplication.run(SpringApplication.java:1107) [spring-boot-1.5.8.RELEASE.jar:1.5.8.RELEASE]
	at service.Application.main(Application.java:9) [classes/:?]
	at sun.reflect.NativeMethodAccessorImpl.invoke0(Native Method) ~[?:1.8.0_151]
	at sun.reflect.NativeMethodAccessorImpl.invoke(Unknown Source) ~[?:1.8.0_151]
	at sun.reflect.DelegatingMethodAccessorImpl.invoke(Unknown Source) ~[?:1.8.0_151]
	at java.lang.reflect.Method.invoke(Unknown Source) ~[?:1.8.0_151]
	at org.springframework.boot.devtools.restart.RestartLauncher.run(RestartLauncher.java:49) [spring-boot-devtools-1.5.8.RELEASE.jar:1.5.8.RELEASE]
Caused by: org.springframework.beans.BeanInstantiationException: Failed to instantiate [service.AccountService]: Constructor threw exception; nested exception is java.lang.Error: Unresolved compilation problems: 
	obj cannot be resolved to a variable
	Syntax error, insert ";" to complete Statement

	at org.springframework.beans.BeanUtils.instantiateClass(BeanUtils.java:154) ~[spring-beans-4.3.12.RELEASE.jar:4.3.12.RELEASE]
	at org.springframework.beans.factory.support.SimpleInstantiationStrategy.instantiate(SimpleInstantiationStrategy.java:89) ~[spring-beans-4.3.12.RELEASE.jar:4.3.12.RELEASE]
	at org.springframework.beans.factory.support.AbstractAutowireCapableBeanFactory.instantiateBean(AbstractAutowireCapableBeanFactory.java:1147) ~[spring-beans-4.3.12.RELEASE.jar:4.3.12.RELEASE]
	... 22 more
Caused by: java.lang.Error: Unresolved compilation problems: 
	obj cannot be resolved to a variable
	Syntax error, insert ";" to complete Statement

	at base.ServiceBase.<init>(ServiceBase.java:22) ~[classes/:?]
	at service.AccountService.<init>(AccountService.java:12) ~[classes/:?]
	at sun.reflect.NativeConstructorAccessorImpl.newInstance0(Native Method) ~[?:1.8.0_151]
	at sun.reflect.NativeConstructorAccessorImpl.newInstance(Unknown Source) ~[?:1.8.0_151]
	at sun.reflect.DelegatingConstructorAccessorImpl.newInstance(Unknown Source) ~[?:1.8.0_151]
	at java.lang.reflect.Constructor.newInstance(Unknown Source) ~[?:1.8.0_151]
	at org.springframework.beans.BeanUtils.instantiateClass(BeanUtils.java:142) ~[spring-beans-4.3.12.RELEASE.jar:4.3.12.RELEASE]
	at org.springframework.beans.factory.support.SimpleInstantiationStrategy.instantiate(SimpleInstantiationStrategy.java:89) ~[spring-beans-4.3.12.RELEASE.jar:4.3.12.RELEASE]
	at org.springframework.beans.factory.support.AbstractAutowireCapableBeanFactory.instantiateBean(AbstractAutowireCapableBeanFactory.java:1147) ~[spring-beans-4.3.12.RELEASE.jar:4.3.12.RELEASE]
	... 22 more
[13:28:37:810] [INFO] - org.springframework.boot.StartupInfoLogger.logStarting(StartupInfoLogger.java:48) - Starting Application on DESKTOP-KNFU3RB with PID 4524 (D:\p-wang\2017\workspace\eclipse\ProjectX1-DataCenter\target\classes started by bretwang in D:\p-wang\2017\workspace\eclipse\ProjectX1-DataCenter)
[13:28:37:811] [INFO] - org.springframework.boot.SpringApplication.logStartupProfileInfo(SpringApplication.java:593) - No active profile set, falling back to default profiles: default
[13:28:38:040] [INFO] - org.springframework.boot.StartupInfoLogger.logStarted(StartupInfoLogger.java:57) - Started Application in 0.256 seconds (JVM running for 1129.194)
[13:28:50:599] [INFO] - org.springframework.boot.StartupInfoLogger.logStarting(StartupInfoLogger.java:48) - Starting Application on DESKTOP-KNFU3RB with PID 4524 (D:\p-wang\2017\workspace\eclipse\ProjectX1-DataCenter\target\classes started by bretwang in D:\p-wang\2017\workspace\eclipse\ProjectX1-DataCenter)
[13:28:50:600] [INFO] - org.springframework.boot.SpringApplication.logStartupProfileInfo(SpringApplication.java:593) - No active profile set, falling back to default profiles: default
[13:28:50:826] [INFO] - org.springframework.boot.StartupInfoLogger.logStarted(StartupInfoLogger.java:57) - Started Application in 0.25 seconds (JVM running for 1141.98)
[13:29:57:647] [INFO] - org.springframework.boot.StartupInfoLogger.logStarting(StartupInfoLogger.java:48) - Starting Application on DESKTOP-KNFU3RB with PID 4524 (D:\p-wang\2017\workspace\eclipse\ProjectX1-DataCenter\target\classes started by bretwang in D:\p-wang\2017\workspace\eclipse\ProjectX1-DataCenter)
[13:29:57:647] [INFO] - org.springframework.boot.SpringApplication.logStartupProfileInfo(SpringApplication.java:593) - No active profile set, falling back to default profiles: default
[13:29:57:869] [INFO] - org.springframework.boot.StartupInfoLogger.logStarted(StartupInfoLogger.java:57) - Started Application in 0.247 seconds (JVM running for 1209.023)
[13:30:27:519] [INFO] - org.springframework.boot.StartupInfoLogger.logStarting(StartupInfoLogger.java:48) - Starting Application on DESKTOP-KNFU3RB with PID 4524 (D:\p-wang\2017\workspace\eclipse\ProjectX1-DataCenter\target\classes started by bretwang in D:\p-wang\2017\workspace\eclipse\ProjectX1-DataCenter)
[13:30:27:519] [INFO] - org.springframework.boot.SpringApplication.logStartupProfileInfo(SpringApplication.java:593) - No active profile set, falling back to default profiles: default
[13:30:27:736] [INFO] - org.springframework.boot.StartupInfoLogger.logStarted(StartupInfoLogger.java:57) - Started Application in 0.239 seconds (JVM running for 1238.89)
